The system is: Windows - 10.0.18362 - AMD64
Compiling the C compiler identification source file "CMakeCCompilerId.c" succeeded.
Compiler: C:/software/VS2019/IDE/VC/Tools/MSVC/14.26.28801/bin/HostX64/x64/cl.exe 
Build flags: 
Id flags:  

The output was:
0
用于 x64 的 Microsoft (R) C/C++ 优化编译器 19.26.28806 版
版权所有(C) Microsoft Corporation。保留所有权利。

CMakeCCompilerId.c
Microsoft (R) Incremental Linker Version 14.26.28806.0
Copyright (C) Microsoft Corporation.  All rights reserved.

/out:CMakeCCompilerId.exe 
CMakeCCompilerId.obj 


Compilation of the C compiler identification source "CMakeCCompilerId.c" produced "CMakeCCompilerId.exe"

Compilation of the C compiler identification source "CMakeCCompilerId.c" produced "CMakeCCompilerId.obj"

The C compiler identification is MSVC, found in "C:/Users/24716/Desktop/esp-idf/hello_world/out/build/x64-Debug/CMakeFiles/3.17.20032601-MSVC_2/CompilerIdC/CMakeCCompilerId.exe"

Compiling the CXX compiler identification source file "CMakeCXXCompilerId.cpp" succeeded.
Compiler: C:/software/VS2019/IDE/VC/Tools/MSVC/14.26.28801/bin/HostX64/x64/cl.exe 
Build flags: 
Id flags:  

The output was:
0
用于 x64 的 Microsoft (R) C/C++ 优化编译器 19.26.28806 版
版权所有(C) Microsoft Corporation。保留所有权利。

CMakeCXXCompilerId.cpp
Microsoft (R) Incremental Linker Version 14.26.28806.0
Copyright (C) Microsoft Corporation.  All rights reserved.

/out:CMakeCXXCompilerId.exe 
CMakeCXXCompilerId.obj 


Compilation of the CXX compiler identification source "CMakeCXXCompilerId.cpp" produced "CMakeCXXCompilerId.exe"

Compilation of the CXX compiler identification source "CMakeCXXCompilerId.cpp" produced "CMakeCXXCompilerId.obj"

The CXX compiler identification is MSVC, found in "C:/Users/24716/Desktop/esp-idf/hello_world/out/build/x64-Debug/CMakeFiles/3.17.20032601-MSVC_2/CompilerIdCXX/CMakeCXXCompilerId.exe"

Determining if the C compiler works passed with the following output:
Change Dir: C:/Users/24716/Desktop/esp-idf/hello_world/out/build/x64-Debug/CMakeFiles/CMakeTmp

Run Build Command(s):C:\SOFTWARE\VS2019\IDE\COMMON7\IDE\COMMONEXTENSIONS\MICROSOFT\CMAKE\Ninja\ninja.exe cmTC_8301c && [1/2] Building C object CMakeFiles\cmTC_8301c.dir\testCCompiler.c.obj
[2/2] Linking C executable cmTC_8301c.exe



Detecting C compiler ABI info compiled with the following output:
Change Dir: C:/Users/24716/Desktop/esp-idf/hello_world/out/build/x64-Debug/CMakeFiles/CMakeTmp

Run Build Command(s):C:\SOFTWARE\VS2019\IDE\COMMON7\IDE\COMMONEXTENSIONS\MICROSOFT\CMAKE\Ninja\ninja.exe cmTC_c7098 && [1/2] Building C object CMakeFiles\cmTC_c7098.dir\CMakeCCompilerABI.c.obj
[2/2] Linking C executable cmTC_c7098.exe



Determining if the CXX compiler works passed with the following output:
Change Dir: C:/Users/24716/Desktop/esp-idf/hello_world/out/build/x64-Debug/CMakeFiles/CMakeTmp

Run Build Command(s):C:\SOFTWARE\VS2019\IDE\COMMON7\IDE\COMMONEXTENSIONS\MICROSOFT\CMAKE\Ninja\ninja.exe cmTC_f1ca7 && [1/2] Building CXX object CMakeFiles\cmTC_f1ca7.dir\testCXXCompiler.cxx.obj
[2/2] Linking CXX executable cmTC_f1ca7.exe



Detecting CXX compiler ABI info compiled with the following output:
Change Dir: C:/Users/24716/Desktop/esp-idf/hello_world/out/build/x64-Debug/CMakeFiles/CMakeTmp

Run Build Command(s):C:\SOFTWARE\VS2019\IDE\COMMON7\IDE\COMMONEXTENSIONS\MICROSOFT\CMAKE\Ninja\ninja.exe cmTC_7d53a && [1/2] Building CXX object CMakeFiles\cmTC_7d53a.dir\CMakeCXXCompilerABI.cpp.obj
[2/2] Linking CXX executable cmTC_7d53a.exe



